android/build/intermediates/manifest_merge_blame_file/debug/processDebugMainManifest/manifest-merger-blame-debug-report.txt
1<?xml version="1.0" encoding="utf-8"?>
2<manifest xmlns:android="http://schemas.android.com/apk/res/android"
3    package="com.ncert.projectgurukulai"
4    android:versionCode="1"
5    android:versionName="1.0" >
6
7    <uses-sdk
7-->INJECTED
8        android:minSdkVersion="24"
8-->INJECTED
9        android:targetSdkVersion="36" />
9-->INJECTED
10
11    <uses-permission android:name="android.permission.INTERNET" />
11-->src\main\AndroidManifest.xml:5:5-66
11-->src\main\AndroidManifest.xml:5:22-64
12    <uses-permission android:name="android.permission.ACCESS_NETWORK_STATE" />
12-->src\main\AndroidManifest.xml:6:5-78
12-->src\main\AndroidManifest.xml:6:22-76
13    <uses-permission
13-->src\main\AndroidManifest.xml:7:5-106
14        android:name="android.permission.READ_EXTERNAL_STORAGE"
14-->src\main\AndroidManifest.xml:7:22-77
15        android:maxSdkVersion="32" />
15-->src\main\AndroidManifest.xml:7:78-104
16    <uses-permission
16-->src\main\AndroidManifest.xml:8:5-107
17        android:name="android.permission.WRITE_EXTERNAL_STORAGE"
17-->src\main\AndroidManifest.xml:8:22-78
18        android:maxSdkVersion="28" />
18-->src\main\AndroidManifest.xml:8:79-105
19    <uses-permission android:name="android.permission.READ_MEDIA_IMAGES" />
19-->src\main\AndroidManifest.xml:9:5-75
19-->src\main\AndroidManifest.xml:9:22-73
20    <uses-permission android:name="android.permission.READ_MEDIA_VIDEO" />
20-->src\main\AndroidManifest.xml:10:5-74
20-->src\main\AndroidManifest.xml:10:22-72
21    <uses-permission android:name="android.permission.READ_MEDIA_AUDIO" />
21-->src\main\AndroidManifest.xml:11:5-74
21-->src\main\AndroidManifest.xml:11:22-72
22    <uses-permission android:name="android.permission.RECORD_AUDIO" />
22-->src\main\AndroidManifest.xml:12:5-70
22-->src\main\AndroidManifest.xml:12:22-68
23
24    <permission
24-->[androidx.core:core:1.19.0] AndroidManifest.xml:22:5-24:47
25        android:name="com.ncert.projectgurukulai.DYNAMIC_RECEIVER_NOT_EXPORTED_PERMISSION"
25-->[androidx.core:core:1.19.0] AndroidManifest.xml:23:9-81
26        android:protectionLevel="signature" />
26-->[androidx.core:core:1.19.0] AndroidManifest.xml:24:9-44
27
28    <uses-permission android:name="com.ncert.projectgurukulai.DYNAMIC_RECEIVER_NOT_EXPORTED_PERMISSION" />
28-->[androidx.core:core:1.19.0] AndroidManifest.xml:26:5-97
28-->[androidx.core:core:1.19.0] AndroidManifest.xml:26:22-94
29
30    <application
30-->src\main\AndroidManifest.xml:14:5-40:19
31        android:allowBackup="true"
31-->src\main\AndroidManifest.xml:15:9-35
32        android:appComponentFactory="androidx.core.app.CoreComponentFactory"
32-->[androidx.core:core:1.19.0] AndroidManifest.xml:28:18-86
33        android:dataExtractionRules="@xml/data_extraction_rules"
33-->src\main\AndroidManifest.xml:16:9-65
34        android:debuggable="true"
35        android:extractNativeLibs="false"
35-->INJECTED
36        android:fullBackupContent="@xml/backup_rules"
36-->src\main\AndroidManifest.xml:17:9-54
37        android:icon="@mipmap/ic_launcher"
37-->src\main\AndroidManifest.xml:18:9-43
38        android:label="@string/app_name"
38-->src\main\AndroidManifest.xml:19:9-41
39        android:roundIcon="@mipmap/ic_launcher_round"
39-->src\main\AndroidManifest.xml:20:9-54
40        android:supportsRtl="true"
40-->src\main\AndroidManifest.xml:21:9-35
41        android:theme="@style/Theme.PROJECTGURUKULAI" >
41-->src\main\AndroidManifest.xml:22:9-54
42        <activity
42-->src\main\AndroidManifest.xml:24:9-35:20
43            android:name="io.flutter.embedding.android.FlutterActivity"
43-->src\main\AndroidManifest.xml:25:13-72
44            android:configChanges="orientation|keyboardHidden|keyboard|screenSize|locale|layoutDirection|fontScale|screenLayout|density|uiMode"
44-->src\main\AndroidManifest.xml:26:13-144
45            android:exported="true"
45-->src\main\AndroidManifest.xml:29:13-36
46            android:hardwareAccelerated="true"
46-->src\main\AndroidManifest.xml:27:13-47
47            android:theme="@style/Theme.PROJECTGURUKULAI"
47-->src\main\AndroidManifest.xml:30:13-58
48            android:windowSoftInputMode="adjustResize" >
48-->src\main\AndroidManifest.xml:28:13-55
49            <intent-filter>
49-->src\main\AndroidManifest.xml:31:13-34:29
50                <action android:name="android.intent.action.MAIN" />
50-->src\main\AndroidManifest.xml:32:17-69
50-->src\main\AndroidManifest.xml:32:25-66
51
52                <category android:name="android.intent.category.LAUNCHER" />
52-->src\main\AndroidManifest.xml:33:17-77
52-->src\main\AndroidManifest.xml:33:27-74
53            </intent-filter>
54        </activity>
55
56        <meta-data
56-->src\main\AndroidManifest.xml:37:9-39:33
57            android:name="flutterEmbedding"
57-->src\main\AndroidManifest.xml:38:13-44
58            android:value="2" />
58-->src\main\AndroidManifest.xml:39:13-30
59
60        <service
60-->[com.google.firebase:firebase-ai:17.15.0] AndroidManifest.xml:28:9-34:19
61            android:name="com.google.firebase.components.ComponentDiscoveryService"
61-->[com.google.firebase:firebase-ai:17.15.0] AndroidManifest.xml:29:13-84
62            android:directBootAware="true"
62-->[com.google.firebase:firebase-common:22.0.1] AndroidManifest.xml:32:13-43
63            android:exported="false" >
63-->[com.google.firebase:firebase-ai:17.15.0] AndroidManifest.xml:30:13-37
64            <meta-data
64-->[com.google.firebase:firebase-ai:17.15.0] AndroidManifest.xml:31:13-33:85
65                android:name="com.google.firebase.components:com.google.firebase.ai.FirebaseAIRegistrar"
65-->[com.google.firebase:firebase-ai:17.15.0] AndroidManifest.xml:32:17-105
66                android:value="com.google.firebase.components.ComponentRegistrar" />
66-->[com.google.firebase:firebase-ai:17.15.0] AndroidManifest.xml:33:17-82
67            <meta-data
67-->[com.google.firebase:firebase-appcheck:19.2.0] AndroidManifest.xml:25:13-27:85
68                android:name="com.google.firebase.components:com.google.firebase.appcheck.FirebaseAppCheckKtxRegistrar"
68-->[com.google.firebase:firebase-appcheck:19.2.0] AndroidManifest.xml:26:17-120
69                android:value="com.google.firebase.components.ComponentRegistrar" />
69-->[com.google.firebase:firebase-appcheck:19.2.0] AndroidManifest.xml:27:17-82
70            <meta-data
70-->[com.google.firebase:firebase-appcheck:19.2.0] AndroidManifest.xml:28:13-30:85
71                android:name="com.google.firebase.components:com.google.firebase.appcheck.FirebaseAppCheckRegistrar"
71-->[com.google.firebase:firebase-appcheck:19.2.0] AndroidManifest.xml:29:17-117
72                android:value="com.google.firebase.components.ComponentRegistrar" />
72-->[com.google.firebase:firebase-appcheck:19.2.0] AndroidManifest.xml:30:17-82
73            <meta-data
73-->[com.google.firebase:firebase-common:22.0.1] AndroidManifest.xml:35:13-37:85
74                android:name="com.google.firebase.components:com.google.firebase.FirebaseCommonKtxRegistrar"
74-->[com.google.firebase:firebase-common:22.0.1] AndroidManifest.xml:36:17-109
75                android:value="com.google.firebase.components.ComponentRegistrar" />
75-->[com.google.firebase:firebase-common:22.0.1] AndroidManifest.xml:37:17-82
76        </service>
77
78        <activity
78-->[com.google.android.gms:play-services-base:18.9.0] AndroidManifest.xml:20:9-22:45
79            android:name="com.google.android.gms.common.api.GoogleApiActivity"
79-->[com.google.android.gms:play-services-base:18.9.0] AndroidManifest.xml:20:19-85
80            android:exported="false"
80-->[com.google.android.gms:play-services-base:18.9.0] AndroidManifest.xml:22:19-43
81            android:theme="@android:style/Theme.Translucent.NoTitleBar" />
81-->[com.google.android.gms:play-services-base:18.9.0] AndroidManifest.xml:21:19-78
82
83        <provider
83-->[com.google.firebase:firebase-common:22.0.1] AndroidManifest.xml:23:9-28:39
84            android:name="com.google.firebase.provider.FirebaseInitProvider"
84-->[com.google.firebase:firebase-common:22.0.1] AndroidManifest.xml:24:13-77
85            android:authorities="com.ncert.projectgurukulai.firebaseinitprovider"
85-->[com.google.firebase:firebase-common:22.0.1] AndroidManifest.xml:25:13-72
86            android:directBootAware="true"
86-->[com.google.firebase:firebase-common:22.0.1] AndroidManifest.xml:26:13-43
87            android:exported="false"
87-->[com.google.firebase:firebase-common:22.0.1] AndroidManifest.xml:27:13-37
88            android:initOrder="100" />
88-->[com.google.firebase:firebase-common:22.0.1] AndroidManifest.xml:28:13-36
89
90        <activity
90-->[androidx.compose.ui:ui-test-manifest:1.11.0] AndroidManifest.xml:23:9-26:79
91            android:name="androidx.activity.ComponentActivity"
91-->[androidx.compose.ui:ui-test-manifest:1.11.0] AndroidManifest.xml:24:13-63
92            android:exported="true"
92-->[androidx.compose.ui:ui-test-manifest:1.11.0] AndroidManifest.xml:25:13-36
93            android:theme="@android:style/Theme.Material.Light.NoActionBar" />
93-->[androidx.compose.ui:ui-test-manifest:1.11.0] AndroidManifest.xml:26:13-76
94
95        <provider
95-->[androidx.emoji2:emoji2:1.4.0] AndroidManifest.xml:24:9-32:20
96            android:name="androidx.startup.InitializationProvider"
96-->[androidx.emoji2:emoji2:1.4.0] AndroidManifest.xml:25:13-67
97            android:authorities="com.ncert.projectgurukulai.androidx-startup"
97-->[androidx.emoji2:emoji2:1.4.0] AndroidManifest.xml:26:13-68
98            android:exported="false" >
98-->[androidx.emoji2:emoji2:1.4.0] AndroidManifest.xml:27:13-37
99            <meta-data
99-->[androidx.emoji2:emoji2:1.4.0] AndroidManifest.xml:29:13-31:52
100                android:name="androidx.emoji2.text.EmojiCompatInitializer"
100-->[androidx.emoji2:emoji2:1.4.0] AndroidManifest.xml:30:17-75
101                android:value="androidx.startup" />
101-->[androidx.emoji2:emoji2:1.4.0] AndroidManifest.xml:31:17-49
102            <meta-data
102-->[androidx.lifecycle:lifecycle-process:2.11.0] AndroidManifest.xml:29:13-31:52
103                android:name="androidx.lifecycle.ProcessLifecycleInitializer"
103-->[androidx.lifecycle:lifecycle-process:2.11.0] AndroidManifest.xml:30:17-78
104                android:value="androidx.startup" />
104-->[androidx.lifecycle:lifecycle-process:2.11.0] AndroidManifest.xml:31:17-49
105            <meta-data
105-->[androidx.profileinstaller:profileinstaller:1.4.0] AndroidManifest.xml:29:13-31:52
106                android:name="androidx.profileinstaller.ProfileInstallerInitializer"
106-->[androidx.profileinstaller:profileinstaller:1.4.0] AndroidManifest.xml:30:17-85
107                android:value="androidx.startup" />
107-->[androidx.profileinstaller:profileinstaller:1.4.0] AndroidManifest.xml:31:17-49
108        </provider>
109
110        <uses-library
110-->[androidx.window:window:1.5.0] AndroidManifest.xml:23:9-25:40
111            android:name="androidx.window.extensions"
111-->[androidx.window:window:1.5.0] AndroidManifest.xml:24:13-54
112            android:required="false" />
112-->[androidx.window:window:1.5.0] AndroidManifest.xml:25:13-37
113        <uses-library
113-->[androidx.window:window:1.5.0] AndroidManifest.xml:26:9-28:40
114            android:name="androidx.window.sidecar"
114-->[androidx.window:window:1.5.0] AndroidManifest.xml:27:13-51
115            android:required="false" />
115-->[androidx.window:window:1.5.0] AndroidManifest.xml:28:13-37
116
117        <activity
117-->[androidx.compose.ui:ui-tooling-android:1.11.0] AndroidManifest.xml:23:9-25:39
118            android:name="androidx.compose.ui.tooling.PreviewActivity"
118-->[androidx.compose.ui:ui-tooling-android:1.11.0] AndroidManifest.xml:24:13-71
119            android:exported="true" />
119-->[androidx.compose.ui:ui-tooling-android:1.11.0] AndroidManifest.xml:25:13-36
120
121        <receiver
121-->[androidx.profileinstaller:profileinstaller:1.4.0] AndroidManifest.xml:34:9-52:20
122            android:name="androidx.profileinstaller.ProfileInstallReceiver"
122-->[androidx.profileinstaller:profileinstaller:1.4.0] AndroidManifest.xml:35:13-76
123            android:directBootAware="false"
123-->[androidx.profileinstaller:profileinstaller:1.4.0] AndroidManifest.xml:36:13-44
124            android:enabled="true"
124-->[androidx.profileinstaller:profileinstaller:1.4.0] AndroidManifest.xml:37:13-35
125            android:exported="true"
125-->[androidx.profileinstaller:profileinstaller:1.4.0] AndroidManifest.xml:38:13-36
126            android:permission="android.permission.DUMP" >
126-->[androidx.profileinstaller:profileinstaller:1.4.0] AndroidManifest.xml:39:13-57
127            <intent-filter>
127-->[androidx.profileinstaller:profileinstaller:1.4.0] AndroidManifest.xml:40:13-42:29
128                <action android:name="androidx.profileinstaller.action.INSTALL_PROFILE" />
128-->[androidx.profileinstaller:profileinstaller:1.4.0] AndroidManifest.xml:41:17-91
128-->[androidx.profileinstaller:profileinstaller:1.4.0] AndroidManifest.xml:41:25-88
129            </intent-filter>
130            <intent-filter>
130-->[androidx.profileinstaller:profileinstaller:1.4.0] AndroidManifest.xml:43:13-45:29
131                <action android:name="androidx.profileinstaller.action.SKIP_FILE" />
131-->[androidx.profileinstaller:profileinstaller:1.4.0] AndroidManifest.xml:44:17-85
131-->[androidx.profileinstaller:profileinstaller:1.4.0] AndroidManifest.xml:44:25-82
132            </intent-filter>
133            <intent-filter>
133-->[androidx.profileinstaller:profileinstaller:1.4.0] AndroidManifest.xml:46:13-48:29
134                <action android:name="androidx.profileinstaller.action.SAVE_PROFILE" />
134-->[androidx.profileinstaller:profileinstaller:1.4.0] AndroidManifest.xml:47:17-88
134-->[androidx.profileinstaller:profileinstaller:1.4.0] AndroidManifest.xml:47:25-85
135            </intent-filter>
136            <intent-filter>
136-->[androidx.profileinstaller:profileinstaller:1.4.0] AndroidManifest.xml:49:13-51:29
137                <action android:name="androidx.profileinstaller.action.BENCHMARK_OPERATION" />
137-->[androidx.profileinstaller:profileinstaller:1.4.0] AndroidManifest.xml:50:17-95
137-->[androidx.profileinstaller:profileinstaller:1.4.0] AndroidManifest.xml:50:25-92
138            </intent-filter>
139        </receiver>
140
141        <meta-data
141-->[com.google.android.gms:play-services-basement:18.9.0] AndroidManifest.xml:21:9-23:69
142            android:name="com.google.android.gms.version"
142-->[com.google.android.gms:play-services-basement:18.9.0] AndroidManifest.xml:22:13-58
143            android:value="@integer/google_play_services_version" />
143-->[com.google.android.gms:play-services-basement:18.9.0] AndroidManifest.xml:23:13-66
144    </application>
145
146</manifest>